  DoublyLinkedList.c
  Test_DoublyLinkedList.c
  Calculator.c
/Downloads/source/01장/DoublyLinkedList/DoublyLinkedList.c(1,1): error C1083: 소스 파일을 열 수 없습니다. '..\..\..\..\Downloads\source\01장\DoublyLinkedList\DoublyLinkedList.c': No such file or directory
/Downloads/source/01장/DoublyLinkedList/Test_DoublyLinkedList.c(1,1): error C1083: 소스 파일을 열 수 없습니다. '..\..\..\..\Downloads\source\01장\DoublyLinkedList\Test_DoublyLinkedList.c': No such file or directory
C:\Users\seoknote\Downloads\공부\C Data Structure source\02장\Calculator\Calculator.c(93,27): warning C4267: '초기화 중': 'size_t'에서 'unsigned int'(으)로 변환하면서 데이터가 손실될 수 있습니다.
C:\Users\seoknote\Downloads\공부\C Data Structure source\02장\Calculator\Calculator.c(103,13): error C4996: 'strcat': This function or variable may be unsafe. Consider using strcat_s instead. To disable deprecation, use _CRT_SECURE_NO_WARNINGS. See online help for details.
C:\Users\seoknote\Downloads\공부\C Data Structure source\02장\Calculator\Calculator.c(104,13): error C4996: 'strcat': This function or variable may be unsafe. Consider using strcat_s instead. To disable deprecation, use _CRT_SECURE_NO_WARNINGS. See online help for details.
C:\Users\seoknote\Downloads\공부\C Data Structure source\02장\Calculator\Calculator.c(119,21): error C4996: 'strcat': This function or variable may be unsafe. Consider using strcat_s instead. To disable deprecation, use _CRT_SECURE_NO_WARNINGS. See online help for details.
C:\Users\seoknote\Downloads\공부\C Data Structure source\02장\Calculator\Calculator.c(132,21): error C4996: 'strcat': This function or variable may be unsafe. Consider using strcat_s instead. To disable deprecation, use _CRT_SECURE_NO_WARNINGS. See online help for details.
C:\Users\seoknote\Downloads\공부\C Data Structure source\02장\Calculator\Calculator.c(156,13): error C4996: 'strcat': This function or variable may be unsafe. Consider using strcat_s instead. To disable deprecation, use _CRT_SECURE_NO_WARNINGS. See online help for details.
C:\Users\seoknote\Downloads\공부\C Data Structure source\02장\Calculator\Calculator.c(174,27): warning C4267: '초기화 중': 'size_t'에서 'unsigned int'(으)로 변환하면서 데이터가 손실될 수 있습니다.
C:\Users\seoknote\Downloads\공부\C Data Structure source\02장\Calculator\Calculator.c(214,13): error C4996: 'gcvt': The POSIX name for this item is deprecated. Instead, use the ISO C and C++ conformant name: _gcvt. See online help for details.
  LinkedListStack.c
C:\Users\seoknote\Downloads\공부\C Data Structure source\02장\Calculator\LinkedListStack.c(1,1): warning C4819: 현재 코드 페이지(949)에서 표시할 수 없는 문자가 파일에 들어 있습니다. 데이터가 손실되지 않게 하려면 해당 파일을 유니코드 형식으로 저장하십시오.
C:\Users\seoknote\Downloads\공부\C Data Structure source\02장\Calculator\LinkedListStack.c(28,5): error C4996: 'strcpy': This function or variable may be unsafe. Consider using strcpy_s instead. To disable deprecation, use _CRT_SECURE_NO_WARNINGS. See online help for details.
  Test_Calculator.c
C:\Users\seoknote\Downloads\공부\C Data Structure source\02장\Calculator\Test_Calculator.c(16,5): error C4996: 'scanf': This function or variable may be unsafe. Consider using scanf_s instead. To disable deprecation, use _CRT_SECURE_NO_WARNINGS. See online help for details.
  ArrayStack.c
/Downloads/공부/source/02장/ArrayStack/ArrayStack.c(1,1): error C1083: 소스 파일을 열 수 없습니다. '..\..\..\..\Downloads\공부\source\02장\ArrayStack\ArrayStack.c': No such file or directory
  Test_ArrayStack.c
/Downloads/공부/source/02장/ArrayStack/Test_ArrayStack.c(1,1): error C1083: 소스 파일을 열 수 없습니다. '..\..\..\..\Downloads\공부\source\02장\ArrayStack\Test_ArrayStack.c': No such file or directory
  LinkedList.c
/LinkedList.c(1,1): error C1083: 소스 파일을 열 수 없습니다. 'LinkedList.c': No such file or directory
  Test_LinkedList.c
/Test_LinkedList.c(1,1): error C1083: 소스 파일을 열 수 없습니다. 'Test_LinkedList.c': No such file or directory
  코드를 생성하고 있습니다...
